<?xml version="1.0" encoding="UTF-8"?>
<testng-results ignored="0" total="1" passed="1" failed="0" skipped="0">
  <reporter-output>
    <line>
      <![CDATA[Extent Report Directory/Users/denysmyronenko/IdeaProjects/Learn_WebAutomation_Framework_WeekDays_Winter_NY2020/Amazon/test-output/html]]>
    </line>
  </reporter-output>
  <suite started-at="2020-05-30T23:57:18 GMT-04:00" name="Amazon Automation Script" finished-at="2020-05-30T23:57:26 GMT-04:00" duration-ms="7401">
    <groups>
    </groups>
    <test started-at="2020-05-30T23:57:18 GMT-04:00" name="Amazon Home" finished-at="2020-05-30T23:57:26 GMT-04:00" duration-ms="7401">
      <class name="testhome.TestHomePage">
        <test-method is-config="true" signature="extentSetup(org.testng.ITestContext)[pri:0, instance:testhome.TestHomePage@1442d7b5]" started-at="2020-05-30T23:57:18 GMT-04:00" name="extentSetup" finished-at="2020-05-30T23:57:18 GMT-04:00" duration-ms="190" status="PASS">
          <params>
            <param index="0">
              <value>
                <![CDATA[org.testng.TestRunner@6d1310f6]]>
              </value>
            </param>
          </params>
          <reporter-output>
            <line>
              <![CDATA[Extent Report Directory/Users/denysmyronenko/IdeaProjects/Learn_WebAutomation_Framework_WeekDays_Winter_NY2020/Amazon/test-output/html]]>
            </line>
          </reporter-output>
        </test-method> <!-- extentSetup -->
        <test-method is-config="true" signature="setUp(boolean, java.lang.String, java.lang.String, java.lang.String, java.lang.String, java.lang.String, java.lang.String)[pri:0, instance:testhome.TestHomePage@1442d7b5]" started-at="2020-05-30T23:57:18 GMT-04:00" name="setUp" finished-at="2020-05-30T23:57:24 GMT-04:00" duration-ms="6042" status="PASS">
          <params>
            <param index="0">
              <value>
                <![CDATA[false]]>
              </value>
            </param>
            <param index="1">
              <value>
                <![CDATA[false]]>
              </value>
            </param>
            <param index="2">
              <value>
                <![CDATA[OS X]]>
              </value>
            </param>
            <param index="3">
              <value>
                <![CDATA[Catalina]]>
              </value>
            </param>
            <param index="4">
              <value>
                <![CDATA[chrome]]>
              </value>
            </param>
            <param index="5">
              <value>
                <![CDATA[83]]>
              </value>
            </param>
            <param index="6">
              <value>
                <![CDATA[https://www.amazon.com]]>
              </value>
            </param>
          </params>
          <reporter-output>
          </reporter-output>
        </test-method> <!-- setUp -->
        <test-method is-config="true" signature="startExtent(java.lang.reflect.Method)[pri:0, instance:testhome.TestHomePage@1442d7b5]" started-at="2020-05-30T23:57:24 GMT-04:00" name="startExtent" finished-at="2020-05-30T23:57:24 GMT-04:00" duration-ms="5" status="PASS">
          <params>
            <param index="0">
              <value>
                <![CDATA[public static void testhome.TestHomePage.testSearchBox()]]>
              </value>
            </param>
          </params>
          <reporter-output>
          </reporter-output>
        </test-method> <!-- startExtent -->
        <test-method signature="testSearchBox()[pri:0, instance:testhome.TestHomePage@1442d7b5]" started-at="2020-05-30T23:57:24 GMT-04:00" name="testSearchBox" finished-at="2020-05-30T23:57:25 GMT-04:00" duration-ms="952" status="PASS">
          <reporter-output>
          </reporter-output>
        </test-method> <!-- testSearchBox -->
        <test-method is-config="true" signature="afterEachTestMethod(org.testng.ITestResult)[pri:0, instance:testhome.TestHomePage@1442d7b5]" started-at="2020-05-30T23:57:25 GMT-04:00" name="afterEachTestMethod" finished-at="2020-05-30T23:57:26 GMT-04:00" duration-ms="378" status="PASS">
          <params>
            <param index="0">
              <value>
                <![CDATA[[TestResult name=testSearchBox status=SUCCESS method=TestHomePage.testSearchBox()[pri:0, instance:testhome.TestHomePage@1442d7b5] output={null}]]]>
              </value>
            </param>
          </params>
          <reporter-output>
          </reporter-output>
        </test-method> <!-- afterEachTestMethod -->
        <test-method is-config="true" signature="cleanUp()[pri:0, instance:testhome.TestHomePage@1442d7b5]" started-at="2020-05-30T23:57:26 GMT-04:00" name="cleanUp" finished-at="2020-05-30T23:57:26 GMT-04:00" duration-ms="0" status="PASS">
          <reporter-output>
          </reporter-output>
        </test-method> <!-- cleanUp -->
        <test-method is-config="true" signature="generateReport()[pri:0, instance:testhome.TestHomePage@1442d7b5]" started-at="2020-05-30T23:57:26 GMT-04:00" name="generateReport" finished-at="2020-05-30T23:57:26 GMT-04:00" duration-ms="32" status="PASS">
          <reporter-output>
          </reporter-output>
        </test-method> <!-- generateReport -->
      </class> <!-- testhome.TestHomePage -->
    </test> <!-- Amazon Home -->
  </suite> <!-- Amazon Automation Script -->
</testng-results>
